{"level":"info","message":"API Server is listening on port 3000!","timestamp":"2023-11-15T07:16:47.007Z"}
{"level":"info","message":"API Server is listening on port 3000!","timestamp":"2023-11-15T07:33:39.862Z"}
{"level":"info","message":"API Server is listening on port 3000!","timestamp":"2023-11-15T07:38:24.168Z"}
{"level":"info","message":"API Server is listening on port 3000!","timestamp":"2023-11-15T07:43:15.838Z"}
{"level":"info","message":"API Server is listening on port 3000!","timestamp":"2023-11-15T07:44:08.346Z"}
{"level":"info","message":"API Server is listening on port 3000!","timestamp":"2023-11-15T07:50:37.269Z"}
{"level":"info","message":"API Server is listening on port 3000!","timestamp":"2023-11-15T08:00:28.304Z"}
{"level":"info","message":"API Server is listening on port 3000!","timestamp":"2023-11-15T08:12:08.789Z"}
{"level":"info","message":"API Server is listening on port 3000!","timestamp":"2023-11-15T08:24:10.094Z"}
{"level":"info","message":"API Server is listening on port 3000!","timestamp":"2023-11-15T08:24:52.741Z"}
{"level":"info","message":"API Server is listening on port 3000!","timestamp":"2023-11-15T08:28:41.222Z"}
{"level":"info","message":"API Server is listening on port 3000!","timestamp":"2023-11-15T08:29:44.266Z"}
{"level":"info","message":"API Server is listening on port 3000!","timestamp":"2023-11-15T08:34:12.772Z"}
{"level":"info","message":"API Server is listening on port 3000!","timestamp":"2023-11-15T08:35:12.070Z"}
{"level":"error","timestamp":"2023-11-15T08:35:17.657Z"}
{"level":"error","timestamp":"2023-11-15T08:35:24.453Z"}
{"level":"info","message":"API Server is listening on port 3000!","timestamp":"2023-11-15T08:35:33.934Z"}
{"level":"info","message":"API Server is listening on port 3000!","timestamp":"2023-11-15T08:39:52.445Z"}
{"level":"info","message":"API Server is listening on port 3000!","timestamp":"2023-11-15T19:12:12.712Z"}
{"level":"info","message":"API Server is listening on port 3000!","timestamp":"2023-11-15T19:15:22.301Z"}
{"level":"info","message":"API Server is listening on port 3000!","timestamp":"2023-11-15T19:17:32.064Z"}
{"level":"info","message":"API Server is listening on port 3000!","timestamp":"2023-11-15T19:17:43.164Z"}
{"code":"ERR_HTTP_HEADERS_SENT","level":"error","timestamp":"2023-11-15T19:18:04.973Z"}
{"code":"ERR_HTTP_HEADERS_SENT","level":"error","timestamp":"2023-11-15T19:18:45.399Z"}
{"code":"ERR_HTTP_HEADERS_SENT","level":"error","timestamp":"2023-11-15T19:22:24.191Z"}
{"code":"ERR_HTTP_HEADERS_SENT","level":"error","timestamp":"2023-11-15T19:26:39.104Z"}
{"code":"ERR_HTTP_HEADERS_SENT","level":"error","timestamp":"2023-11-15T19:26:40.548Z"}
{"code":"ERR_HTTP_HEADERS_SENT","level":"error","timestamp":"2023-11-15T19:26:41.369Z"}
{"code":"ERR_HTTP_HEADERS_SENT","level":"error","timestamp":"2023-11-15T19:26:41.899Z"}
{"code":"ERR_HTTP_HEADERS_SENT","level":"error","timestamp":"2023-11-15T19:26:42.336Z"}
{"code":"ERR_HTTP_HEADERS_SENT","level":"error","timestamp":"2023-11-15T19:29:45.914Z"}
{"code":"ERR_HTTP_HEADERS_SENT","level":"error","timestamp":"2023-11-15T19:30:33.712Z"}
{"code":"ERR_HTTP_HEADERS_SENT","level":"error","timestamp":"2023-11-15T19:30:34.683Z"}
{"code":"ERR_HTTP_HEADERS_SENT","level":"error","timestamp":"2023-11-15T19:30:35.300Z"}
{"code":"ERR_HTTP_HEADERS_SENT","level":"error","timestamp":"2023-11-15T19:30:35.820Z"}
{"code":"ERR_HTTP_HEADERS_SENT","level":"error","timestamp":"2023-11-15T19:30:36.331Z"}
{"code":"ERR_HTTP_HEADERS_SENT","level":"error","timestamp":"2023-11-15T19:30:37.040Z"}
{"code":"ERR_HTTP_HEADERS_SENT","level":"error","timestamp":"2023-11-15T19:30:37.560Z"}
{"code":"ERR_HTTP_HEADERS_SENT","level":"error","timestamp":"2023-11-15T19:30:40.191Z"}
{"code":"ERR_HTTP_HEADERS_SENT","level":"error","timestamp":"2023-11-15T19:36:55.181Z"}
{"level":"info","message":"API Server is listening on port 3000!","timestamp":"2023-11-15T19:37:06.799Z"}
{"level":"info","message":"API Server is listening on port 3000!","timestamp":"2023-11-15T19:41:23.790Z"}
{"level":"info","message":"API Server is listening on port 3000!","timestamp":"2023-11-15T19:41:44.004Z"}
{"level":"info","message":"API Server is listening on port 3000!","timestamp":"2023-11-15T19:42:41.733Z"}
{"code":"ERR_HTTP_HEADERS_SENT","level":"error","timestamp":"2023-11-15T19:42:45.328Z"}
{"code":"ERR_HTTP_HEADERS_SENT","level":"error","timestamp":"2023-11-15T19:42:50.341Z"}
{"code":"ERR_HTTP_HEADERS_SENT","level":"error","timestamp":"2023-11-15T19:42:54.100Z"}
{"code":"ERR_HTTP_HEADERS_SENT","level":"error","timestamp":"2023-11-15T19:43:06.150Z"}
{"level":"info","message":"API Server is listening on port 3000!","timestamp":"2023-11-15T19:43:23.872Z"}
{"level":"info","message":"API Server is listening on port 3000!","timestamp":"2023-11-15T19:43:49.276Z"}
{"level":"info","message":"API Server is listening on port 3000!","timestamp":"2023-11-15T19:49:46.036Z"}
{"level":"info","message":"API Server is listening on port 3000!","timestamp":"2023-11-15T19:52:50.007Z"}
{"level":"info","message":"API Server is listening on port 3000!","timestamp":"2023-11-16T18:58:04.501Z"}
{"level":"info","message":"API Server is listening on port 3000!","timestamp":"2023-11-16T19:25:47.436Z"}
{"level":"info","message":"API Server is listening on port 3000!","timestamp":"2023-11-16T19:32:26.223Z"}
{"level":"info","message":"API Server is listening on port 3000!","timestamp":"2023-11-17T06:49:58.990Z"}
{"level":"info","message":"API Server is listening on port 3000!","timestamp":"2023-11-17T07:52:07.356Z"}
{"level":"info","message":"Server is listening on 3001","timestamp":"2023-11-17T07:53:54.147Z"}
{"level":"info","message":"Client connected","timestamp":"2023-11-17T07:53:54.678Z"}
{"level":"info","message":"Closing wss for port 3001","timestamp":"2023-11-17T07:54:12.054Z"}
{"level":"info","message":"Closing server for port 3001","timestamp":"2023-11-17T07:54:12.054Z"}
{"level":"info","message":"API Server is listening on port 3000!","timestamp":"2023-11-17T07:54:17.421Z"}
{"level":"info","message":"API Server is listening on port 3000!","timestamp":"2023-11-17T07:55:58.266Z"}
{"level":"info","message":"API Server is listening on port 3000!","timestamp":"2023-11-17T07:56:32.626Z"}
{"level":"info","message":"API Server is listening on port 3000!","timestamp":"2023-11-17T07:58:34.325Z"}
{"level":"info","message":"Server is listening on 3001","timestamp":"2023-11-17T07:58:52.110Z"}
{"level":"info","message":"Client connected","timestamp":"2023-11-17T07:58:53.149Z"}
{"level":"info","message":"Client connected","timestamp":"2023-11-17T07:59:40.086Z"}
{"level":"info","message":"Client connected","timestamp":"2023-11-17T08:00:24.696Z"}
{"level":"info","message":"Closing wss for port 3001","timestamp":"2023-11-17T08:02:27.862Z"}
{"level":"info","message":"Closing server for port 3001","timestamp":"2023-11-17T08:02:27.862Z"}
{"level":"info","message":"Server is listening on 3001","timestamp":"2023-11-17T08:03:11.976Z"}
{"level":"info","message":"Client connected","timestamp":"2023-11-17T08:03:12.506Z"}
{"level":"info","message":"Closing wss for port 3001","timestamp":"2023-11-17T08:03:28.118Z"}
{"level":"info","message":"Closing server for port 3001","timestamp":"2023-11-17T08:03:28.119Z"}
{"level":"info","message":"API Server is listening on port 3000!","timestamp":"2023-11-17T08:03:43.800Z"}
{"level":"info","message":"API Server is listening on port 3000!","timestamp":"2023-11-17T08:10:00.019Z"}
{"level":"info","message":"Server is listening on 3001","timestamp":"2023-11-17T08:10:21.081Z"}
{"level":"info","message":"Server is listening on 3002","timestamp":"2023-11-17T08:11:12.751Z"}
{"level":"info","message":"Client connected","timestamp":"2023-11-17T08:11:12.768Z"}
{"level":"info","message":"Closing wss for port 3001","timestamp":"2023-11-17T08:11:18.276Z"}
{"level":"info","message":"Closing server for port 3001","timestamp":"2023-11-17T08:11:18.277Z"}
{"level":"info","message":"API Server is listening on port 3000!","timestamp":"2023-11-17T08:11:27.192Z"}
{"level":"info","message":"API Server is listening on port 3000!","timestamp":"2023-11-17T08:14:16.564Z"}
{"level":"info","message":"API Server is listening on port 3000!","timestamp":"2023-11-17T08:14:27.451Z"}
{"level":"info","message":"API Server is listening on port 3000!","timestamp":"2023-11-17T08:15:26.048Z"}
{"level":"info","message":"API Server is listening on port 3000!","timestamp":"2023-11-17T08:16:57.617Z"}
{"level":"info","message":"Server is listening on 3001","timestamp":"2023-11-17T08:17:28.091Z"}
{"level":"info","message":"Client connected","timestamp":"2023-11-17T08:17:28.617Z"}
{"level":"info","message":"Client connected","timestamp":"2023-11-17T08:18:25.007Z"}
{"level":"info","message":"Client connected","timestamp":"2023-11-17T08:18:56.816Z"}
{"level":"info","message":"Closing wss for port 3001","timestamp":"2023-11-17T08:19:33.746Z"}
{"level":"info","message":"Closing server for port 3001","timestamp":"2023-11-17T08:19:33.747Z"}
